converting aparc+aseg file
Docker image path: index.docker.io/brainlife/freesurfer:6.0.0
Cache folder set to /N/dc2/scratch/hayashis/singularity-cache-carb/docker
Creating container runtime...
Number of labels: 0
Annot File:      (null)
Template Volume: ../5b1827c3e487c6002aaee047/5ac2be26029f78002be2c4a2/output/mri/aparc+aseg.mgz
Outut Volume: aparc+aseg.nii.gz
Registration File: (null)
Fill Threshold: 0
Label Vox Vol:  1
ProjType:       (null)
ProjTypeId:     0
ProjStart:      0
ProjStop:       0
ProjDelta:      0.1
Subject:  (null)
Hemi:     (null)
UseNewASeg2Vol:  0
DoLabelStatVol  0
LabelCodeOffset  0
setenv SUBJECTS_DIR /usr/local/freesurfer/subjects
$Id: mri_label2vol.c,v 1.46 2014/12/08 21:11:54 greve Exp $
Template RAS-to-Vox: --------
-1.00000  -0.00000  -0.00000   128.00000;
-0.00000  -0.00000  -1.00000   128.00000;
-0.00000   1.00000  -0.00000   128.00000;
-0.00000  -0.00000  -0.00000   1.00000;
Template Voxel Volume: 1
nHits Thresh: 0
Computing registration based on header
RegMat: --------
 1.00000   0.00000   0.00000   0.00000;
 0.00000   1.00000   0.00000   0.00000;
 0.00000   0.00000   1.00000   0.00000;
 0.00000   0.00000   0.00000   1.00000;
Label RAS-to-Vox: --------
-1.00000   0.00000   0.00000   128.00000;
 0.00000   0.00000  -1.00000   128.00000;
 0.00000   1.00000   0.00000   128.00000;
 0.00000   0.00000   0.00000   1.00000;
mri_label2vol done
making surfaces
Docker image path: index.docker.io/brainlife/docker-pythonvtk:latest
Cache folder set to /N/dc2/scratch/hayashis/singularity-cache-carb/docker
Creating container runtime...
Left-Cerebral-White-Matter
Right-Cerebral-White-Matter
Left-Lateral-Ventricle
Right-Lateral-Ventricle
Left-Thalamus-Proper
Left-Caudate
Left-Putamen
Left-Pallidum
3rd-Ventricle
4th-Ventricle
Brain-Stem
Left-Hippocampus
Left-Amygdala
Right-Thalamus-Proper
Right-Caudate
Right-Putamen
Right-Pallidum
Right-Hippocampus
Right-Amygdala
Optic-Chiasm
CC_Posterior
CC_Mid_Posterior
CC_Central
CC_Mid_Anterior
CC_Anterior
ctx-lh-bankssts
ctx-lh-caudalanteriorcingulate
ctx-lh-caudalmiddlefrontal
ctx-lh-cuneus
ctx-lh-fusiform
ctx-lh-inferiorparietal
ctx-lh-inferiortemporal
ctx-lh-lateraloccipital
ctx-lh-lateralorbitofrontal
ctx-lh-lingual
ctx-lh-middletemporal
ctx-lh-parahippocampal
ctx-lh-paracentral
ctx-lh-parsopercularis
ctx-lh-parsorbitalis
ctx-lh-parstriangularis
ctx-lh-pericalcarine
ctx-lh-postcentral
ctx-lh-posteriorcingulate
ctx-lh-precentral
ctx-lh-precuneus
ctx-lh-rostralanteriorcingulate
ctx-lh-rostralmiddlefrontal
ctx-lh-superiorfrontal
ctx-lh-superiorparietal
ctx-lh-superiortemporal
ctx-lh-supramarginal
ctx-lh-frontalpole
ctx-lh-temporalpole
ctx-lh-transversetemporal
ctx-lh-insula
ctx-rh-bankssts
ctx-rh-caudalanteriorcingulate
ctx-rh-caudalmiddlefrontal
ctx-rh-cuneus
ctx-rh-fusiform
ctx-rh-inferiorparietal
ctx-rh-inferiortemporal
ctx-rh-lateraloccipital
ctx-rh-lateralorbitofrontal
ctx-rh-lingual
ctx-rh-middletemporal
ctx-rh-parahippocampal
ctx-rh-paracentral
ctx-rh-parsopercularis
ctx-rh-parsorbitalis
ctx-rh-parstriangularis
ctx-rh-pericalcarine
ctx-rh-postcentral
ctx-rh-posteriorcingulate
ctx-rh-precentral
ctx-rh-precuneus
ctx-rh-rostralanteriorcingulate
ctx-rh-rostralmiddlefrontal
ctx-rh-superiorfrontal
ctx-rh-superiorparietal
ctx-rh-superiortemporal
ctx-rh-supramarginal
ctx-rh-frontalpole
ctx-rh-temporalpole
ctx-rh-transversetemporal
ctx-rh-insula
